[debug] [2021-01-11T01:59:46.793Z] ----------------------------------------------------------------------
[debug] [2021-01-11T01:59:46.795Z] Command:       C:\Program Files\nodejs\node.exe C:\Users\mzulh\AppData\Roaming\npm\node_modules\firebase-tools\lib\bin\firebase.js emulators:start
[debug] [2021-01-11T01:59:46.796Z] CLI Version:   9.1.2
[debug] [2021-01-11T01:59:46.796Z] Platform:      win32
[debug] [2021-01-11T01:59:46.796Z] Node Version:  v14.15.1
[debug] [2021-01-11T01:59:46.798Z] Time:          Mon Jan 11 2021 12:59:46 GMT+1100 (Australian Eastern Daylight Time)
[debug] [2021-01-11T01:59:46.798Z] ----------------------------------------------------------------------
[debug] [2021-01-11T01:59:46.798Z] 
[debug] [2021-01-11T01:59:46.808Z] > command requires scopes: ["email","openid","https://www.googleapis.com/auth/cloudplatformprojects.readonly","https://www.googleapis.com/auth/firebase","https://www.googleapis.com/auth/cloud-platform"]
[debug] [2021-01-11T01:59:46.809Z] > authorizing via signed-in user
[info] i  emulators: Starting emulators: functions, hosting {"metadata":{"emulator":{"name":"hub"},"message":"Starting emulators: functions, hosting"}}
[debug] [2021-01-11T01:59:46.845Z] [hub] writing locator at C:\Users\mzulh\AppData\Local\Temp\hub-clone-f0dfb.json
[warn] !  functions: The following emulators are not running, calls to these services from the Functions emulator will affect production: auth, firestore, database, pubsub {"metadata":{"emulator":{"name":"functions"},"message":"The following emulators are not running, calls to these services from the Functions emulator will affect production: \u001b[1mauth, firestore, database, pubsub\u001b[22m"}}
[warn] !  Your requested "node" version "12" doesn't match your global version "14" {"metadata":{"emulator":{"name":"functions"},"message":"Your requested \"node\" version \"12\" doesn't match your global version \"14\""}}
[debug] [2021-01-11T01:59:46.906Z] defaultcredentials: writing to file C:\Users\mzulh\AppData\Roaming\firebase\mzulhilmi_ahmad_gmail.com_application_default_credentials.json
[debug] [2021-01-11T01:59:46.908Z] Setting GAC to C:\Users\mzulh\AppData\Roaming\firebase\mzulhilmi_ahmad_gmail.com_application_default_credentials.json {"metadata":{"emulator":{"name":"functions"},"message":"Setting GAC to C:\\Users\\mzulh\\AppData\\Roaming\\firebase\\mzulhilmi_ahmad_gmail.com_application_default_credentials.json"}}
[debug] [2021-01-11T01:59:46.912Z] > refreshing access token with scopes: []
[debug] [2021-01-11T01:59:46.914Z] >>> HTTP REQUEST POST https://www.googleapis.com/oauth2/v3/token  
 <request body omitted>
[debug] [2021-01-11T01:59:47.433Z] <<< HTTP RESPONSE 200 {"date":"Mon, 11 Jan 2021 01:59:46 GMT","cache-control":"no-cache, no-store, max-age=0, must-revalidate","expires":"Mon, 01 Jan 1990 00:00:00 GMT","pragma":"no-cache","content-type":"application/json; charset=utf-8","vary":"X-Origin, Referer, Origin,Accept-Encoding","server":"scaffolding on HTTPServer2","x-xss-protection":"0","x-frame-options":"SAMEORIGIN","x-content-type-options":"nosniff","alt-svc":"h3-29=\":443\"; ma=2592000,h3-T051=\":443\"; ma=2592000,h3-Q050=\":443\"; ma=2592000,h3-Q046=\":443\"; ma=2592000,h3-Q043=\":443\"; ma=2592000,quic=\":443\"; ma=2592000; v=\"46,43\"","accept-ranges":"none","transfer-encoding":"chunked"}
[debug] [2021-01-11T01:59:47.443Z] >>> [apiv2][query] GET https://firebase.googleapis.com/v1beta1/projects/clone-f0dfb/adminSdkConfig [none]
[debug] [2021-01-11T01:59:48.150Z] <<< [apiv2][status] GET https://firebase.googleapis.com/v1beta1/projects/clone-f0dfb/adminSdkConfig 200
[debug] [2021-01-11T01:59:48.151Z] <<< [apiv2][body] GET https://firebase.googleapis.com/v1beta1/projects/clone-f0dfb/adminSdkConfig {"projectId":"clone-f0dfb","storageBucket":"clone-f0dfb.appspot.com","locationId":"us-central"}
[debug] [2021-01-11T01:59:48.166Z] > refreshing access token with scopes: ["email","https://www.googleapis.com/auth/cloud-platform","https://www.googleapis.com/auth/cloudplatformprojects.readonly","https://www.googleapis.com/auth/firebase","openid"]
[debug] [2021-01-11T01:59:48.167Z] >>> HTTP REQUEST POST https://www.googleapis.com/oauth2/v3/token  
 <request body omitted>
[debug] [2021-01-11T01:59:48.409Z] <<< HTTP RESPONSE 200 {"date":"Mon, 11 Jan 2021 01:59:47 GMT","cache-control":"no-cache, no-store, max-age=0, must-revalidate","pragma":"no-cache","expires":"Mon, 01 Jan 1990 00:00:00 GMT","content-type":"application/json; charset=utf-8","vary":"X-Origin, Referer, Origin,Accept-Encoding","server":"scaffolding on HTTPServer2","x-xss-protection":"0","x-frame-options":"SAMEORIGIN","x-content-type-options":"nosniff","alt-svc":"h3-29=\":443\"; ma=2592000,h3-T051=\":443\"; ma=2592000,h3-Q050=\":443\"; ma=2592000,h3-Q046=\":443\"; ma=2592000,h3-Q043=\":443\"; ma=2592000,quic=\":443\"; ma=2592000; v=\"46,43\"","accept-ranges":"none","transfer-encoding":"chunked"}
[debug] [2021-01-11T01:59:48.416Z] >>> HTTP REQUEST GET https://firebase.googleapis.com/v1beta1/projects/clone-f0dfb/webApps/-/config  
 
[debug] [2021-01-11T01:59:49.758Z] <<< HTTP RESPONSE 200 {"content-type":"application/json; charset=UTF-8","vary":"X-Origin, Referer, Origin,Accept-Encoding","date":"Mon, 11 Jan 2021 01:59:49 GMT","server":"ESF","cache-control":"private","x-xss-protection":"0","x-frame-options":"SAMEORIGIN","x-content-type-options":"nosniff","alt-svc":"h3-29=\":443\"; ma=2592000,h3-T051=\":443\"; ma=2592000,h3-Q050=\":443\"; ma=2592000,h3-Q046=\":443\"; ma=2592000,h3-Q043=\":443\"; ma=2592000,quic=\":443\"; ma=2592000; v=\"46,43\"","accept-ranges":"none","transfer-encoding":"chunked"}
[info] i  hosting: Serving hosting files from: build {"metadata":{"emulator":{"name":"hosting"},"message":"Serving hosting files from: \u001b[1mbuild\u001b[22m"}}
[info] +  hosting: Local server: http://localhost:5000 {"metadata":{"emulator":{"name":"hosting"},"message":"Local server: \u001b[4m\u001b[1mhttp://localhost:5000\u001b[22m\u001b[24m"}}
[debug] [2021-01-11T01:59:49.794Z] Ignoring unsupported arg: auto_download {"metadata":{"emulator":{"name":"ui"},"message":"Ignoring unsupported arg: auto_download"}}
[debug] [2021-01-11T01:59:49.794Z] Ignoring unsupported arg: port {"metadata":{"emulator":{"name":"ui"},"message":"Ignoring unsupported arg: port"}}
[debug] [2021-01-11T01:59:49.794Z] Starting Emulator UI with command {"binary":"node","args":["C:\\Users\\mzulh\\.cache\\firebase\\emulators\\ui-v1.4.1\\server.bundle.js"],"optionalArgs":[],"joinArgs":false} {"metadata":{"emulator":{"name":"ui"},"message":"Starting Emulator UI with command {\"binary\":\"node\",\"args\":[\"C:\\\\Users\\\\mzulh\\\\.cache\\\\firebase\\\\emulators\\\\ui-v1.4.1\\\\server.bundle.js\"],\"optionalArgs\":[],\"joinArgs\":false}"}}
[info] i  ui: Emulator UI logging to ui-debug.log {"metadata":{"emulator":{"name":"ui"},"message":"Emulator UI logging to \u001b[1mui-debug.log\u001b[22m"}}
[debug] [2021-01-11T01:59:49.946Z] Web / API server started at http://localhost:4000
 {"metadata":{"emulator":{"name":"ui"},"message":"Web / API server started at http://localhost:4000\n"}}
[info] i  functions: Watching "C:\Users\mzulh\OneDrive\Documents\Web Development\amazon-clone\functions" for Cloud Functions... {"metadata":{"emulator":{"name":"functions"},"message":"Watching \"C:\\Users\\mzulh\\OneDrive\\Documents\\Web Development\\amazon-clone\\functions\" for Cloud Functions..."}}
[debug] [2021-01-11T01:59:50.075Z] [worker-pool] addWorker(~diagnostic~) {"metadata":{"emulator":{"name":"functions"},"message":"[worker-pool] addWorker(~diagnostic~)"}}
[debug] [2021-01-11T01:59:50.076Z] [worker-pool] Adding worker with key ~diagnostic~, total=1 {"metadata":{"emulator":{"name":"functions"},"message":"[worker-pool] Adding worker with key ~diagnostic~, total=1"}}
[debug] [2021-01-11T01:59:50.076Z] [worker-pool] submitWork(triggerId=) {"metadata":{"emulator":{"name":"functions"},"message":"[worker-pool] submitWork(triggerId=)"}}
[debug] [2021-01-11T01:59:50.076Z] [worker-~diagnostic~-60927f48-3c7b-4328-b30f-4931591d01b0]: Assigning socketPath: \\?\pipe\C:\Users\mzulh\OneDrive\Documents\Web Development\amazon-clone\functions\27024 {"metadata":{"emulator":{"name":"functions"},"message":"[worker-~diagnostic~-60927f48-3c7b-4328-b30f-4931591d01b0]: Assigning socketPath: \\\\?\\pipe\\C:\\Users\\mzulh\\OneDrive\\Documents\\Web Development\\amazon-clone\\functions\\27024"}}
[debug] [2021-01-11T01:59:50.076Z] [worker-~diagnostic~-60927f48-3c7b-4328-b30f-4931591d01b0]: BUSY {"metadata":{"emulator":{"name":"functions"},"message":"[worker-~diagnostic~-60927f48-3c7b-4328-b30f-4931591d01b0]: BUSY"}}
[debug] [2021-01-11T01:59:50.402Z] [runtime-status] [27024] Functions runtime initialized. {"cwd":"C:\\Users\\mzulh\\OneDrive\\Documents\\Web Development\\amazon-clone\\functions","node_version":"14.15.1"} {"metadata":{"emulator":{"name":"functions"},"message":"[runtime-status] [27024] Functions runtime initialized. {\"cwd\":\"C:\\\\Users\\\\mzulh\\\\OneDrive\\\\Documents\\\\Web Development\\\\amazon-clone\\\\functions\",\"node_version\":\"14.15.1\"}"}}
[debug] [2021-01-11T01:59:50.405Z] [runtime-status] [27024] Disabled runtime features: undefined {"metadata":{"emulator":{"name":"functions"},"message":"[runtime-status] [27024] Disabled runtime features: undefined"}}
[debug] [2021-01-11T01:59:50.413Z] [runtime-status] [27024] Resolved module firebase-admin {"declared":true,"installed":true,"version":"9.4.2","resolution":"C:\\Users\\mzulh\\OneDrive\\Documents\\Web Development\\amazon-clone\\functions\\node_modules\\firebase-admin\\lib\\index.js"} {"metadata":{"emulator":{"name":"functions"},"message":"[runtime-status] [27024] Resolved module firebase-admin {\"declared\":true,\"installed\":true,\"version\":\"9.4.2\",\"resolution\":\"C:\\\\Users\\\\mzulh\\\\OneDrive\\\\Documents\\\\Web Development\\\\amazon-clone\\\\functions\\\\node_modules\\\\firebase-admin\\\\lib\\\\index.js\"}"}}
[debug] [2021-01-11T01:59:50.417Z] [runtime-status] [27024] Resolved module firebase-functions {"declared":true,"installed":true,"version":"3.13.0","resolution":"C:\\Users\\mzulh\\OneDrive\\Documents\\Web Development\\amazon-clone\\functions\\node_modules\\firebase-functions\\lib\\index.js"} {"metadata":{"emulator":{"name":"functions"},"message":"[runtime-status] [27024] Resolved module firebase-functions {\"declared\":true,\"installed\":true,\"version\":\"3.13.0\",\"resolution\":\"C:\\\\Users\\\\mzulh\\\\OneDrive\\\\Documents\\\\Web Development\\\\amazon-clone\\\\functions\\\\node_modules\\\\firebase-functions\\\\lib\\\\index.js\"}"}}
[debug] [2021-01-11T01:59:50.420Z] [runtime-status] [27024] Resolved module firebase-functions {"declared":true,"installed":true,"version":"3.13.0","resolution":"C:\\Users\\mzulh\\OneDrive\\Documents\\Web Development\\amazon-clone\\functions\\node_modules\\firebase-functions\\lib\\index.js"} {"metadata":{"emulator":{"name":"functions"},"message":"[runtime-status] [27024] Resolved module firebase-functions {\"declared\":true,\"installed\":true,\"version\":\"3.13.0\",\"resolution\":\"C:\\\\Users\\\\mzulh\\\\OneDrive\\\\Documents\\\\Web Development\\\\amazon-clone\\\\functions\\\\node_modules\\\\firebase-functions\\\\lib\\\\index.js\"}"}}
[debug] [2021-01-11T01:59:50.421Z] [runtime-status] [27024] Outgoing network have been stubbed. [{"name":"http","status":"mocked"},{"name":"http","status":"mocked"},{"name":"https","status":"mocked"},{"name":"https","status":"mocked"},{"name":"net","status":"mocked"}] {"metadata":{"emulator":{"name":"functions"},"message":"[runtime-status] [27024] Outgoing network have been stubbed. [{\"name\":\"http\",\"status\":\"mocked\"},{\"name\":\"http\",\"status\":\"mocked\"},{\"name\":\"https\",\"status\":\"mocked\"},{\"name\":\"https\",\"status\":\"mocked\"},{\"name\":\"net\",\"status\":\"mocked\"}]"}}
[debug] [2021-01-11T01:59:50.422Z] [runtime-status] [27024] Resolved module firebase-functions {"declared":true,"installed":true,"version":"3.13.0","resolution":"C:\\Users\\mzulh\\OneDrive\\Documents\\Web Development\\amazon-clone\\functions\\node_modules\\firebase-functions\\lib\\index.js"} {"metadata":{"emulator":{"name":"functions"},"message":"[runtime-status] [27024] Resolved module firebase-functions {\"declared\":true,\"installed\":true,\"version\":\"3.13.0\",\"resolution\":\"C:\\\\Users\\\\mzulh\\\\OneDrive\\\\Documents\\\\Web Development\\\\amazon-clone\\\\functions\\\\node_modules\\\\firebase-functions\\\\lib\\\\index.js\"}"}}
[debug] [2021-01-11T01:59:50.497Z] [runtime-status] [27024] Checked functions.config() {"config":{}} {"metadata":{"emulator":{"name":"functions"},"message":"[runtime-status] [27024] Checked functions.config() {\"config\":{}}"}}
[debug] [2021-01-11T01:59:50.498Z] [runtime-status] [27024] firebase-functions has been stubbed. {"functionsResolution":{"declared":true,"installed":true,"version":"3.13.0","resolution":"C:\\Users\\mzulh\\OneDrive\\Documents\\Web Development\\amazon-clone\\functions\\node_modules\\firebase-functions\\lib\\index.js"}} {"metadata":{"emulator":{"name":"functions"},"message":"[runtime-status] [27024] firebase-functions has been stubbed. {\"functionsResolution\":{\"declared\":true,\"installed\":true,\"version\":\"3.13.0\",\"resolution\":\"C:\\\\Users\\\\mzulh\\\\OneDrive\\\\Documents\\\\Web Development\\\\amazon-clone\\\\functions\\\\node_modules\\\\firebase-functions\\\\lib\\\\index.js\"}}"}}
[debug] [2021-01-11T01:59:50.498Z] [runtime-status] [27024] Resolved module firebase-functions {"declared":true,"installed":true,"version":"3.13.0","resolution":"C:\\Users\\mzulh\\OneDrive\\Documents\\Web Development\\amazon-clone\\functions\\node_modules\\firebase-functions\\lib\\index.js"} {"metadata":{"emulator":{"name":"functions"},"message":"[runtime-status] [27024] Resolved module firebase-functions {\"declared\":true,\"installed\":true,\"version\":\"3.13.0\",\"resolution\":\"C:\\\\Users\\\\mzulh\\\\OneDrive\\\\Documents\\\\Web Development\\\\amazon-clone\\\\functions\\\\node_modules\\\\firebase-functions\\\\lib\\\\index.js\"}"}}
[debug] [2021-01-11T01:59:50.500Z] [runtime-status] [27024] Resolved module firebase-admin {"declared":true,"installed":true,"version":"9.4.2","resolution":"C:\\Users\\mzulh\\OneDrive\\Documents\\Web Development\\amazon-clone\\functions\\node_modules\\firebase-admin\\lib\\index.js"} {"metadata":{"emulator":{"name":"functions"},"message":"[runtime-status] [27024] Resolved module firebase-admin {\"declared\":true,\"installed\":true,\"version\":\"9.4.2\",\"resolution\":\"C:\\\\Users\\\\mzulh\\\\OneDrive\\\\Documents\\\\Web Development\\\\amazon-clone\\\\functions\\\\node_modules\\\\firebase-admin\\\\lib\\\\index.js\"}"}}
[debug] [2021-01-11T01:59:50.501Z] [runtime-status] [27024] Resolved module firebase-functions {"declared":true,"installed":true,"version":"3.13.0","resolution":"C:\\Users\\mzulh\\OneDrive\\Documents\\Web Development\\amazon-clone\\functions\\node_modules\\firebase-functions\\lib\\index.js"} {"metadata":{"emulator":{"name":"functions"},"message":"[runtime-status] [27024] Resolved module firebase-functions {\"declared\":true,\"installed\":true,\"version\":\"3.13.0\",\"resolution\":\"C:\\\\Users\\\\mzulh\\\\OneDrive\\\\Documents\\\\Web Development\\\\amazon-clone\\\\functions\\\\node_modules\\\\firebase-functions\\\\lib\\\\index.js\"}"}}
[debug] [2021-01-11T01:59:50.501Z] [runtime-status] [27024] firebase-admin has been stubbed. {"adminResolution":{"declared":true,"installed":true,"version":"9.4.2","resolution":"C:\\Users\\mzulh\\OneDrive\\Documents\\Web Development\\amazon-clone\\functions\\node_modules\\firebase-admin\\lib\\index.js"}} {"metadata":{"emulator":{"name":"functions"},"message":"[runtime-status] [27024] firebase-admin has been stubbed. {\"adminResolution\":{\"declared\":true,\"installed\":true,\"version\":\"9.4.2\",\"resolution\":\"C:\\\\Users\\\\mzulh\\\\OneDrive\\\\Documents\\\\Web Development\\\\amazon-clone\\\\functions\\\\node_modules\\\\firebase-admin\\\\lib\\\\index.js\"}}"}}
[info] +  functions[api]: http function initialized (http://localhost:5001/clone-f0dfb/us-central1/api). {"metadata":{"emulator":{"name":"functions"},"message":"\u001b[1mhttp\u001b[22m function initialized (http://localhost:5001/clone-f0dfb/us-central1/api)."}}
[info] 
┌─────────────────────────────────────────────────────────────┐
│ ✔  All emulators ready! It is now safe to connect your app. │
│ i  View Emulator UI at http://localhost:4000                │
└─────────────────────────────────────────────────────────────┘

┌───────────┬────────────────┬─────────────────────────────────┐
│ Emulator  │ Host:Port      │ View in Emulator UI             │
├───────────┼────────────────┼─────────────────────────────────┤
│ Functions │ localhost:5001 │ http://localhost:4000/functions │
├───────────┼────────────────┼─────────────────────────────────┤
│ Hosting   │ localhost:5000 │ n/a                             │
└───────────┴────────────────┴─────────────────────────────────┘
  Emulator Hub running at localhost:4400
  Other reserved ports: 4500

Issues? Report them at https://github.com/firebase/firebase-tools/issues and attach the *-debug.log files.
 
[debug] [2021-01-11T01:59:50.821Z] [worker-~diagnostic~-60927f48-3c7b-4328-b30f-4931591d01b0]: IDLE {"metadata":{"emulator":{"name":"functions"},"message":"[worker-~diagnostic~-60927f48-3c7b-4328-b30f-4931591d01b0]: IDLE"}}
[debug] [2021-01-11T02:00:10.574Z] [work-queue] {"queueLength":1,"workRunningCount":0}
[debug] [2021-01-11T02:00:10.574Z] [work-queue] {"queueLength":0,"workRunningCount":1}
[debug] [2021-01-11T02:00:10.575Z] Accepted request GET /clone-f0dfb/us-central1/api --> api
[debug] [2021-01-11T02:00:10.583Z] [worker-pool] addWorker(api) {"metadata":{"emulator":{"name":"functions"},"message":"[worker-pool] addWorker(api)"}}
[debug] [2021-01-11T02:00:10.583Z] [worker-pool] Adding worker with key api, total=1 {"metadata":{"emulator":{"name":"functions"},"message":"[worker-pool] Adding worker with key api, total=1"}}
[debug] [2021-01-11T02:00:10.584Z] [worker-pool] submitWork(triggerId=api) {"metadata":{"emulator":{"name":"functions"},"message":"[worker-pool] submitWork(triggerId=api)"}}
[debug] [2021-01-11T02:00:10.584Z] [worker-api-4a3b40cf-8940-4065-b5b7-5d59770d1e39]: Assigning socketPath: \\?\pipe\C:\Users\mzulh\OneDrive\Documents\Web Development\amazon-clone\functions\31584 {"metadata":{"emulator":{"name":"functions"},"message":"[worker-api-4a3b40cf-8940-4065-b5b7-5d59770d1e39]: Assigning socketPath: \\\\?\\pipe\\C:\\Users\\mzulh\\OneDrive\\Documents\\Web Development\\amazon-clone\\functions\\31584"}}
[debug] [2021-01-11T02:00:10.584Z] [worker-api-4a3b40cf-8940-4065-b5b7-5d59770d1e39]: BUSY {"metadata":{"emulator":{"name":"functions"},"message":"[worker-api-4a3b40cf-8940-4065-b5b7-5d59770d1e39]: BUSY"}}
[debug] [2021-01-11T02:00:11.029Z] [runtime-status] [31584] Functions runtime initialized. {"cwd":"C:\\Users\\mzulh\\OneDrive\\Documents\\Web Development\\amazon-clone\\functions","node_version":"14.15.1"} {"metadata":{"emulator":{"name":"functions"},"function":{"name":"api"},"message":"[runtime-status] [31584] Functions runtime initialized. {\"cwd\":\"C:\\\\Users\\\\mzulh\\\\OneDrive\\\\Documents\\\\Web Development\\\\amazon-clone\\\\functions\",\"node_version\":\"14.15.1\"}"}}
[debug] [2021-01-11T02:00:11.035Z] [runtime-status] [31584] Disabled runtime features: undefined {"metadata":{"emulator":{"name":"functions"},"function":{"name":"api"},"message":"[runtime-status] [31584] Disabled runtime features: undefined"}}
[debug] [2021-01-11T02:00:11.049Z] [runtime-status] [31584] Resolved module firebase-admin {"declared":true,"installed":true,"version":"9.4.2","resolution":"C:\\Users\\mzulh\\OneDrive\\Documents\\Web Development\\amazon-clone\\functions\\node_modules\\firebase-admin\\lib\\index.js"} {"metadata":{"emulator":{"name":"functions"},"function":{"name":"api"},"message":"[runtime-status] [31584] Resolved module firebase-admin {\"declared\":true,\"installed\":true,\"version\":\"9.4.2\",\"resolution\":\"C:\\\\Users\\\\mzulh\\\\OneDrive\\\\Documents\\\\Web Development\\\\amazon-clone\\\\functions\\\\node_modules\\\\firebase-admin\\\\lib\\\\index.js\"}"}}
[debug] [2021-01-11T02:00:11.055Z] [runtime-status] [31584] Resolved module firebase-functions {"declared":true,"installed":true,"version":"3.13.0","resolution":"C:\\Users\\mzulh\\OneDrive\\Documents\\Web Development\\amazon-clone\\functions\\node_modules\\firebase-functions\\lib\\index.js"} {"metadata":{"emulator":{"name":"functions"},"function":{"name":"api"},"message":"[runtime-status] [31584] Resolved module firebase-functions {\"declared\":true,\"installed\":true,\"version\":\"3.13.0\",\"resolution\":\"C:\\\\Users\\\\mzulh\\\\OneDrive\\\\Documents\\\\Web Development\\\\amazon-clone\\\\functions\\\\node_modules\\\\firebase-functions\\\\lib\\\\index.js\"}"}}
[debug] [2021-01-11T02:00:11.064Z] [runtime-status] [31584] Resolved module firebase-functions {"declared":true,"installed":true,"version":"3.13.0","resolution":"C:\\Users\\mzulh\\OneDrive\\Documents\\Web Development\\amazon-clone\\functions\\node_modules\\firebase-functions\\lib\\index.js"} {"metadata":{"emulator":{"name":"functions"},"function":{"name":"api"},"message":"[runtime-status] [31584] Resolved module firebase-functions {\"declared\":true,\"installed\":true,\"version\":\"3.13.0\",\"resolution\":\"C:\\\\Users\\\\mzulh\\\\OneDrive\\\\Documents\\\\Web Development\\\\amazon-clone\\\\functions\\\\node_modules\\\\firebase-functions\\\\lib\\\\index.js\"}"}}
[debug] [2021-01-11T02:00:11.068Z] [runtime-status] [31584] Outgoing network have been stubbed. [{"name":"http","status":"mocked"},{"name":"http","status":"mocked"},{"name":"https","status":"mocked"},{"name":"https","status":"mocked"},{"name":"net","status":"mocked"}] {"metadata":{"emulator":{"name":"functions"},"function":{"name":"api"},"message":"[runtime-status] [31584] Outgoing network have been stubbed. [{\"name\":\"http\",\"status\":\"mocked\"},{\"name\":\"http\",\"status\":\"mocked\"},{\"name\":\"https\",\"status\":\"mocked\"},{\"name\":\"https\",\"status\":\"mocked\"},{\"name\":\"net\",\"status\":\"mocked\"}]"}}
[debug] [2021-01-11T02:00:11.070Z] [runtime-status] [31584] Resolved module firebase-functions {"declared":true,"installed":true,"version":"3.13.0","resolution":"C:\\Users\\mzulh\\OneDrive\\Documents\\Web Development\\amazon-clone\\functions\\node_modules\\firebase-functions\\lib\\index.js"} {"metadata":{"emulator":{"name":"functions"},"function":{"name":"api"},"message":"[runtime-status] [31584] Resolved module firebase-functions {\"declared\":true,\"installed\":true,\"version\":\"3.13.0\",\"resolution\":\"C:\\\\Users\\\\mzulh\\\\OneDrive\\\\Documents\\\\Web Development\\\\amazon-clone\\\\functions\\\\node_modules\\\\firebase-functions\\\\lib\\\\index.js\"}"}}
[debug] [2021-01-11T02:00:11.186Z] [runtime-status] [31584] Checked functions.config() {"config":{}} {"metadata":{"emulator":{"name":"functions"},"function":{"name":"api"},"message":"[runtime-status] [31584] Checked functions.config() {\"config\":{}}"}}
[debug] [2021-01-11T02:00:11.186Z] [runtime-status] [31584] firebase-functions has been stubbed. {"functionsResolution":{"declared":true,"installed":true,"version":"3.13.0","resolution":"C:\\Users\\mzulh\\OneDrive\\Documents\\Web Development\\amazon-clone\\functions\\node_modules\\firebase-functions\\lib\\index.js"}} {"metadata":{"emulator":{"name":"functions"},"function":{"name":"api"},"message":"[runtime-status] [31584] firebase-functions has been stubbed. {\"functionsResolution\":{\"declared\":true,\"installed\":true,\"version\":\"3.13.0\",\"resolution\":\"C:\\\\Users\\\\mzulh\\\\OneDrive\\\\Documents\\\\Web Development\\\\amazon-clone\\\\functions\\\\node_modules\\\\firebase-functions\\\\lib\\\\index.js\"}}"}}
[debug] [2021-01-11T02:00:11.187Z] [runtime-status] [31584] Resolved module firebase-functions {"declared":true,"installed":true,"version":"3.13.0","resolution":"C:\\Users\\mzulh\\OneDrive\\Documents\\Web Development\\amazon-clone\\functions\\node_modules\\firebase-functions\\lib\\index.js"} {"metadata":{"emulator":{"name":"functions"},"function":{"name":"api"},"message":"[runtime-status] [31584] Resolved module firebase-functions {\"declared\":true,\"installed\":true,\"version\":\"3.13.0\",\"resolution\":\"C:\\\\Users\\\\mzulh\\\\OneDrive\\\\Documents\\\\Web Development\\\\amazon-clone\\\\functions\\\\node_modules\\\\firebase-functions\\\\lib\\\\index.js\"}"}}
[debug] [2021-01-11T02:00:11.189Z] [runtime-status] [31584] Resolved module firebase-admin {"declared":true,"installed":true,"version":"9.4.2","resolution":"C:\\Users\\mzulh\\OneDrive\\Documents\\Web Development\\amazon-clone\\functions\\node_modules\\firebase-admin\\lib\\index.js"} {"metadata":{"emulator":{"name":"functions"},"function":{"name":"api"},"message":"[runtime-status] [31584] Resolved module firebase-admin {\"declared\":true,\"installed\":true,\"version\":\"9.4.2\",\"resolution\":\"C:\\\\Users\\\\mzulh\\\\OneDrive\\\\Documents\\\\Web Development\\\\amazon-clone\\\\functions\\\\node_modules\\\\firebase-admin\\\\lib\\\\index.js\"}"}}
[debug] [2021-01-11T02:00:11.191Z] [runtime-status] [31584] Resolved module firebase-functions {"declared":true,"installed":true,"version":"3.13.0","resolution":"C:\\Users\\mzulh\\OneDrive\\Documents\\Web Development\\amazon-clone\\functions\\node_modules\\firebase-functions\\lib\\index.js"} {"metadata":{"emulator":{"name":"functions"},"function":{"name":"api"},"message":"[runtime-status] [31584] Resolved module firebase-functions {\"declared\":true,\"installed\":true,\"version\":\"3.13.0\",\"resolution\":\"C:\\\\Users\\\\mzulh\\\\OneDrive\\\\Documents\\\\Web Development\\\\amazon-clone\\\\functions\\\\node_modules\\\\firebase-functions\\\\lib\\\\index.js\"}"}}
[debug] [2021-01-11T02:00:11.192Z] [runtime-status] [31584] firebase-admin has been stubbed. {"adminResolution":{"declared":true,"installed":true,"version":"9.4.2","resolution":"C:\\Users\\mzulh\\OneDrive\\Documents\\Web Development\\amazon-clone\\functions\\node_modules\\firebase-admin\\lib\\index.js"}} {"metadata":{"emulator":{"name":"functions"},"function":{"name":"api"},"message":"[runtime-status] [31584] firebase-admin has been stubbed. {\"adminResolution\":{\"declared\":true,\"installed\":true,\"version\":\"9.4.2\",\"resolution\":\"C:\\\\Users\\\\mzulh\\\\OneDrive\\\\Documents\\\\Web Development\\\\amazon-clone\\\\functions\\\\node_modules\\\\firebase-admin\\\\lib\\\\index.js\"}}"}}
[debug] [2021-01-11T02:00:11.587Z] [runtime-status] [31584] Trigger "api" has been found, beginning invocation! {"metadata":{"emulator":{"name":"functions"},"function":{"name":"api"},"message":"[runtime-status] [31584] Trigger \"api\" has been found, beginning invocation!"}}
[info] i  functions: Beginning execution of "api" {"metadata":{"emulator":{"name":"functions"},"function":{"name":"api"},"message":"Beginning execution of \"api\""}}
[debug] [2021-01-11T02:00:11.589Z] [runtime-status] [31584] triggerDefinition {"httpsTrigger":{},"name":"api","entryPoint":"api"} {"metadata":{"emulator":{"name":"functions"},"function":{"name":"api"},"message":"[runtime-status] [31584] triggerDefinition {\"httpsTrigger\":{},\"name\":\"api\",\"entryPoint\":\"api\"}"}}
[debug] [2021-01-11T02:00:11.590Z] [runtime-status] [31584] Running api in mode HTTPS {"metadata":{"emulator":{"name":"functions"},"function":{"name":"api"},"message":"[runtime-status] [31584] Running api in mode HTTPS"}}
[debug] [2021-01-11T02:00:11.597Z] [runtime-status] [31584] Attempting to listen to socketPath: \\?\pipe\C:\Users\mzulh\OneDrive\Documents\Web Development\amazon-clone\functions\31584 {"metadata":{"emulator":{"name":"functions"},"function":{"name":"api"},"message":"[runtime-status] [31584] Attempting to listen to socketPath: \\\\?\\pipe\\C:\\Users\\mzulh\\OneDrive\\Documents\\Web Development\\amazon-clone\\functions\\31584"}}
[debug] [2021-01-11T02:00:11.602Z] [functions] Runtime ready! Sending request! {"metadata":{"emulator":{"name":"functions"},"message":"[functions] Runtime ready! Sending request!"}}
[debug] [2021-01-11T02:00:11.621Z] [runtime-status] [31584] Ephemeral server handling GET request {"metadata":{"emulator":{"name":"functions"},"function":{"name":"api"},"message":"[runtime-status] [31584] Ephemeral server handling GET request"}}
[debug] [2021-01-11T02:00:11.638Z] [runtime-status] [31584] Ephemeral server survived. {"metadata":{"emulator":{"name":"functions"},"function":{"name":"api"},"message":"[runtime-status] [31584] Ephemeral server survived."}}
[info] i  functions: Finished "api" in ~1s {"metadata":{"emulator":{"name":"functions"},"function":{"name":"api"},"message":"Finished \"api\" in ~1s"}}
[debug] [2021-01-11T02:00:11.649Z] [worker-api-4a3b40cf-8940-4065-b5b7-5d59770d1e39]: IDLE {"metadata":{"emulator":{"name":"functions"},"message":"[worker-api-4a3b40cf-8940-4065-b5b7-5d59770d1e39]: IDLE"}}
[debug] [2021-01-11T02:00:11.650Z] [work-queue] {"queueLength":0,"workRunningCount":0}
[debug] [2021-01-11T02:02:58.806Z] [work-queue] {"queueLength":1,"workRunningCount":0}
[debug] [2021-01-11T02:02:58.807Z] [work-queue] {"queueLength":0,"workRunningCount":1}
[debug] [2021-01-11T02:02:58.807Z] Accepted request POST /clone-f0dfb/us-central1/api/payments/create?total=94894 --> api
[debug] [2021-01-11T02:02:58.807Z] [worker-pool] submitWork(triggerId=api) {"metadata":{"emulator":{"name":"functions"},"message":"[worker-pool] submitWork(triggerId=api)"}}
[debug] [2021-01-11T02:02:58.807Z] [worker-api-4a3b40cf-8940-4065-b5b7-5d59770d1e39]: Assigning socketPath: \\?\pipe\C:\Users\mzulh\OneDrive\Documents\Web Development\amazon-clone\functions\31584 {"metadata":{"emulator":{"name":"functions"},"message":"[worker-api-4a3b40cf-8940-4065-b5b7-5d59770d1e39]: Assigning socketPath: \\\\?\\pipe\\C:\\Users\\mzulh\\OneDrive\\Documents\\Web Development\\amazon-clone\\functions\\31584"}}
[debug] [2021-01-11T02:02:58.808Z] [worker-api-4a3b40cf-8940-4065-b5b7-5d59770d1e39]: BUSY {"metadata":{"emulator":{"name":"functions"},"message":"[worker-api-4a3b40cf-8940-4065-b5b7-5d59770d1e39]: BUSY"}}
[debug] [2021-01-11T02:02:58.808Z] [runtime-status] [31584] Trigger "api" has been found, beginning invocation! {"metadata":{"emulator":{"name":"functions"},"function":{"name":"api"},"message":"[runtime-status] [31584] Trigger \"api\" has been found, beginning invocation!"}}
[info] i  functions: Beginning execution of "api" {"metadata":{"emulator":{"name":"functions"},"function":{"name":"api"},"message":"Beginning execution of \"api\""}}
[debug] [2021-01-11T02:02:58.810Z] [runtime-status] [31584] triggerDefinition {"httpsTrigger":{},"name":"api","entryPoint":"api"} {"metadata":{"emulator":{"name":"functions"},"function":{"name":"api"},"message":"[runtime-status] [31584] triggerDefinition {\"httpsTrigger\":{},\"name\":\"api\",\"entryPoint\":\"api\"}"}}
[debug] [2021-01-11T02:02:58.811Z] [runtime-status] [31584] Running api in mode HTTPS {"metadata":{"emulator":{"name":"functions"},"function":{"name":"api"},"message":"[runtime-status] [31584] Running api in mode HTTPS"}}
[debug] [2021-01-11T02:02:58.811Z] [runtime-status] [31584] Attempting to listen to socketPath: \\?\pipe\C:\Users\mzulh\OneDrive\Documents\Web Development\amazon-clone\functions\31584 {"metadata":{"emulator":{"name":"functions"},"function":{"name":"api"},"message":"[runtime-status] [31584] Attempting to listen to socketPath: \\\\?\\pipe\\C:\\Users\\mzulh\\OneDrive\\Documents\\Web Development\\amazon-clone\\functions\\31584"}}
[debug] [2021-01-11T02:02:58.812Z] [functions] Runtime ready! Sending request! {"metadata":{"emulator":{"name":"functions"},"message":"[functions] Runtime ready! Sending request!"}}
[debug] [2021-01-11T02:02:58.816Z] [runtime-status] [31584] Ephemeral server handling POST request {"metadata":{"emulator":{"name":"functions"},"function":{"name":"api"},"message":"[runtime-status] [31584] Ephemeral server handling POST request"}}
[info] >  Payment request received BOOM!!! for this amount >>> 94894 {"user":"Payment request received BOOM!!! for this amount >>> 94894","metadata":{"emulator":{"name":"functions"},"function":{"name":"api"},"message":"\u001b[90m> \u001b[39m Payment request received BOOM!!! for this amount >>> 94894"}}
[debug] [2021-01-11T02:02:58.830Z] [runtime-status] [31584] Ephemeral server survived. {"metadata":{"emulator":{"name":"functions"},"function":{"name":"api"},"message":"[runtime-status] [31584] Ephemeral server survived."}}
[info] i  functions: Finished "api" in ~3s {"metadata":{"emulator":{"name":"functions"},"function":{"name":"api"},"message":"Finished \"api\" in ~3s"}}
[debug] [2021-01-11T02:03:02.295Z] [worker-api-4a3b40cf-8940-4065-b5b7-5d59770d1e39]: IDLE {"metadata":{"emulator":{"name":"functions"},"message":"[worker-api-4a3b40cf-8940-4065-b5b7-5d59770d1e39]: IDLE"}}
[debug] [2021-01-11T02:03:02.295Z] [work-queue] {"queueLength":0,"workRunningCount":0}
[debug] [2021-01-11T02:03:15.493Z] [work-queue] {"queueLength":1,"workRunningCount":0}
[debug] [2021-01-11T02:03:15.493Z] [work-queue] {"queueLength":0,"workRunningCount":1}
[debug] [2021-01-11T02:03:15.494Z] Accepted request POST /clone-f0dfb/us-central1/api/payments/create?total=0 --> api
[debug] [2021-01-11T02:03:15.494Z] [worker-pool] submitWork(triggerId=api) {"metadata":{"emulator":{"name":"functions"},"message":"[worker-pool] submitWork(triggerId=api)"}}
[debug] [2021-01-11T02:03:15.494Z] [worker-api-4a3b40cf-8940-4065-b5b7-5d59770d1e39]: Assigning socketPath: \\?\pipe\C:\Users\mzulh\OneDrive\Documents\Web Development\amazon-clone\functions\31584 {"metadata":{"emulator":{"name":"functions"},"message":"[worker-api-4a3b40cf-8940-4065-b5b7-5d59770d1e39]: Assigning socketPath: \\\\?\\pipe\\C:\\Users\\mzulh\\OneDrive\\Documents\\Web Development\\amazon-clone\\functions\\31584"}}
[debug] [2021-01-11T02:03:15.494Z] [worker-api-4a3b40cf-8940-4065-b5b7-5d59770d1e39]: BUSY {"metadata":{"emulator":{"name":"functions"},"message":"[worker-api-4a3b40cf-8940-4065-b5b7-5d59770d1e39]: BUSY"}}
[debug] [2021-01-11T02:03:15.495Z] [runtime-status] [31584] Trigger "api" has been found, beginning invocation! {"metadata":{"emulator":{"name":"functions"},"function":{"name":"api"},"message":"[runtime-status] [31584] Trigger \"api\" has been found, beginning invocation!"}}
[info] i  functions: Beginning execution of "api" {"metadata":{"emulator":{"name":"functions"},"function":{"name":"api"},"message":"Beginning execution of \"api\""}}
[debug] [2021-01-11T02:03:15.497Z] [runtime-status] [31584] triggerDefinition {"httpsTrigger":{},"name":"api","entryPoint":"api"} {"metadata":{"emulator":{"name":"functions"},"function":{"name":"api"},"message":"[runtime-status] [31584] triggerDefinition {\"httpsTrigger\":{},\"name\":\"api\",\"entryPoint\":\"api\"}"}}
[debug] [2021-01-11T02:03:15.498Z] [runtime-status] [31584] Running api in mode HTTPS {"metadata":{"emulator":{"name":"functions"},"function":{"name":"api"},"message":"[runtime-status] [31584] Running api in mode HTTPS"}}
[debug] [2021-01-11T02:03:15.499Z] [runtime-status] [31584] Attempting to listen to socketPath: \\?\pipe\C:\Users\mzulh\OneDrive\Documents\Web Development\amazon-clone\functions\31584 {"metadata":{"emulator":{"name":"functions"},"function":{"name":"api"},"message":"[runtime-status] [31584] Attempting to listen to socketPath: \\\\?\\pipe\\C:\\Users\\mzulh\\OneDrive\\Documents\\Web Development\\amazon-clone\\functions\\31584"}}
[debug] [2021-01-11T02:03:15.501Z] [functions] Runtime ready! Sending request! {"metadata":{"emulator":{"name":"functions"},"message":"[functions] Runtime ready! Sending request!"}}
[debug] [2021-01-11T02:03:15.507Z] [runtime-status] [31584] Ephemeral server handling POST request {"metadata":{"emulator":{"name":"functions"},"function":{"name":"api"},"message":"[runtime-status] [31584] Ephemeral server handling POST request"}}
[info] >  Payment request received BOOM!!! for this amount >>> 0 {"user":"Payment request received BOOM!!! for this amount >>> 0","metadata":{"emulator":{"name":"functions"},"function":{"name":"api"},"message":"\u001b[90m> \u001b[39m Payment request received BOOM!!! for this amount >>> 0"}}
[debug] [2021-01-11T02:03:15.509Z] [runtime-status] [31584] Ephemeral server survived. {"metadata":{"emulator":{"name":"functions"},"function":{"name":"api"},"message":"[runtime-status] [31584] Ephemeral server survived."}}
[info] >  (node:31584) UnhandledPromiseRejectionWarning: Error: This value must be greater than or equal to 1. {"user":"(node:31584) UnhandledPromiseRejectionWarning: Error: This value must be greater than or equal to 1.","metadata":{"emulator":{"name":"functions"},"function":{"name":"api"},"message":"\u001b[90m> \u001b[39m (node:31584) UnhandledPromiseRejectionWarning: Error: This value must be greater than or equal to 1."}}
[info] >      at Function.generate (C:\Users\mzulh\OneDrive\Documents\Web Development\amazon-clone\functions\node_modules\stripe\lib\Error.js:40:16) {"user":"    at Function.generate (C:\\Users\\mzulh\\OneDrive\\Documents\\Web Development\\amazon-clone\\functions\\node_modules\\stripe\\lib\\Error.js:40:16)","metadata":{"emulator":{"name":"functions"},"function":{"name":"api"},"message":"\u001b[90m> \u001b[39m     at Function.generate (C:\\Users\\mzulh\\OneDrive\\Documents\\Web Development\\amazon-clone\\functions\\node_modules\\stripe\\lib\\Error.js:40:16)"}}
[info] >      at IncomingMessage.<anonymous> (C:\Users\mzulh\OneDrive\Documents\Web Development\amazon-clone\functions\node_modules\stripe\lib\StripeResource.js:190:33) {"user":"    at IncomingMessage.<anonymous> (C:\\Users\\mzulh\\OneDrive\\Documents\\Web Development\\amazon-clone\\functions\\node_modules\\stripe\\lib\\StripeResource.js:190:33)","metadata":{"emulator":{"name":"functions"},"function":{"name":"api"},"message":"\u001b[90m> \u001b[39m     at IncomingMessage.<anonymous> (C:\\Users\\mzulh\\OneDrive\\Documents\\Web Development\\amazon-clone\\functions\\node_modules\\stripe\\lib\\StripeResource.js:190:33)"}}
[info] >      at Object.onceWrapper (events.js:421:28) {"user":"    at Object.onceWrapper (events.js:421:28)","metadata":{"emulator":{"name":"functions"},"function":{"name":"api"},"message":"\u001b[90m> \u001b[39m     at Object.onceWrapper (events.js:421:28)"}}
[info] >      at IncomingMessage.emit (events.js:327:22) {"user":"    at IncomingMessage.emit (events.js:327:22)","metadata":{"emulator":{"name":"functions"},"function":{"name":"api"},"message":"\u001b[90m> \u001b[39m     at IncomingMessage.emit (events.js:327:22)"}}
[info] >      at endReadableNT (_stream_readable.js:1327:12) {"user":"    at endReadableNT (_stream_readable.js:1327:12)","metadata":{"emulator":{"name":"functions"},"function":{"name":"api"},"message":"\u001b[90m> \u001b[39m     at endReadableNT (_stream_readable.js:1327:12)"}}
[info] >      at processTicksAndRejections (internal/process/task_queues.js:80:21) {"user":"    at processTicksAndRejections (internal/process/task_queues.js:80:21)","metadata":{"emulator":{"name":"functions"},"function":{"name":"api"},"message":"\u001b[90m> \u001b[39m     at processTicksAndRejections (internal/process/task_queues.js:80:21)"}}
[info] >  (Use `node --trace-warnings ...` to show where the warning was created) {"user":"(Use `node --trace-warnings ...` to show where the warning was created)","metadata":{"emulator":{"name":"functions"},"function":{"name":"api"},"message":"\u001b[90m> \u001b[39m (Use `node --trace-warnings ...` to show where the warning was created)"}}
[info] >  (node:31584) UnhandledPromiseRejectionWarning: Unhandled promise rejection. This error originated either by throwing inside of an async function without a catch block, or by rejecting a promise which was not handled with .catch(). To terminate the node process on unhandled promise rejection, use the CLI flag `--unhandled-rejections=strict` (see https://nodejs.org/api/cli.html#cli_unhandled_rejections_mode). (rejection id: 1) {"user":"(node:31584) UnhandledPromiseRejectionWarning: Unhandled promise rejection. This error originated either by throwing inside of an async function without a catch block, or by rejecting a promise which was not handled with .catch(). To terminate the node process on unhandled promise rejection, use the CLI flag `--unhandled-rejections=strict` (see https://nodejs.org/api/cli.html#cli_unhandled_rejections_mode). (rejection id: 1)","metadata":{"emulator":{"name":"functions"},"function":{"name":"api"},"message":"\u001b[90m> \u001b[39m (node:31584) UnhandledPromiseRejectionWarning: Unhandled promise rejection. This error originated either by throwing inside of an async function without a catch block, or by rejecting a promise which was not handled with .catch(). To terminate the node process on unhandled promise rejection, use the CLI flag `--unhandled-rejections=strict` (see https://nodejs.org/api/cli.html#cli_unhandled_rejections_mode). (rejection id: 1)"}}
[info] >  (node:31584) [DEP0018] DeprecationWarning: Unhandled promise rejections are deprecated. In the future, promise rejections that are not handled will terminate the Node.js process with a non-zero exit code. {"user":"(node:31584) [DEP0018] DeprecationWarning: Unhandled promise rejections are deprecated. In the future, promise rejections that are not handled will terminate the Node.js process with a non-zero exit code.","metadata":{"emulator":{"name":"functions"},"function":{"name":"api"},"message":"\u001b[90m> \u001b[39m (node:31584) [DEP0018] DeprecationWarning: Unhandled promise rejections are deprecated. In the future, promise rejections that are not handled will terminate the Node.js process with a non-zero exit code."}}
